<?xml version="1.0" encoding="UTF-8"?>
<!-- Generated by org.testng.reporters.JUnitReportReporter -->
<testsuite hostname="hp" failures="0" tests="2" name="Test1_classes.Test_1" time="25.404" errors="0" timestamp="2023-01-03T13:38:09 IST" skipped="0">
  <testcase classname="Test1_classes.Test_1" name="verifyusername12" time="15.181"/>
  <system-out/>
  <testcase classname="Test1_classes.Test_1" name="verifytext12" time="10.223"/>
  <system-out/>
</testsuite> <!-- Test1_classes.Test_1 -->
